<?xml version="1.0" encoding="UTF-8"?>
<!-- Generated by org.testng.reporters.JUnitReportReporter -->
<testsuite skipped="0" hostname="DESKTOP-7TC1R0K" name="Linq.Automation.StartUp" tests="1" failures="0" timestamp="2020-01-23T18:14:21 IST" time="3.250" errors="0">
  <testcase name="testSteup" time="3.250" classname="Linq.Automation.StartUp"/>
</testsuite> <!-- Linq.Automation.StartUp -->
