<?xml version="1.0" encoding="UTF-8"?>
<!-- Generated by org.testng.reporters.JUnitReportReporter -->
<testsuite skipped="0" hostname="LAPTOP-NOCISQUH" name="Linq.Automation.MouseMoveLeft" tests="1" failures="0" timestamp="2020-01-15T15:40:50 IST" time="17.364" errors="0">
  <testcase name="f" time="17.364" classname="Linq.Automation.MouseMoveLeft"/>
</testsuite> <!-- Linq.Automation.MouseMoveLeft -->
