<?xml version="1.0" encoding="UTF-8"?>
<!-- Generated by org.testng.reporters.JUnitReportReporter -->
<testsuite skipped="38" hostname="LAPTOP-NOCISQUH" name="Linq.Automation.Login" tests="40" failures="0" timestamp="2020-01-15T15:08:26 IST" time="0.084" errors="2">
  <testcase name="beforeTest" time="0.084" classname="Linq.Automation.Login">
    <error type="java.lang.NullPointerException">
      <![CDATA[java.lang.NullPointerException
at Linq.Automation.Login.beforeTest(Login.java:34)
at sun.reflect.NativeMethodAccessorImpl.invoke0(Native Method)
at sun.reflect.NativeMethodAccessorImpl.invoke(NativeMethodAccessorImpl.java:62)
at sun.reflect.DelegatingMethodAccessorImpl.invoke(DelegatingMethodAccessorImpl.java:43)
at java.lang.reflect.Method.invoke(Method.java:498)
at org.testng.internal.MethodInvocationHelper.invokeMethod(MethodInvocationHelper.java:133)
at org.testng.internal.MethodInvocationHelper.invokeMethodConsideringTimeout(MethodInvocationHelper.java:62)
at org.testng.internal.ConfigInvoker.invokeConfigurationMethod(ConfigInvoker.java:340)
at org.testng.internal.ConfigInvoker.invokeConfigurations(ConfigInvoker.java:294)
at org.testng.TestRunner.invokeTestConfigurations(TestRunner.java:623)
at org.testng.TestRunner.beforeRun(TestRunner.java:613)
at org.testng.TestRunner.run(TestRunner.java:584)
at org.testng.SuiteRunner.runTest(SuiteRunner.java:402)
at org.testng.SuiteRunner.runSequentially(SuiteRunner.java:396)
at org.testng.SuiteRunner.privateRun(SuiteRunner.java:355)
at org.testng.SuiteRunner.run(SuiteRunner.java:304)
at org.testng.SuiteRunnerWorker.runSuite(SuiteRunnerWorker.java:53)
at org.testng.SuiteRunnerWorker.run(SuiteRunnerWorker.java:96)
at org.testng.TestNG.runSuitesSequentially(TestNG.java:1180)
at org.testng.TestNG.runSuitesSequentially(TestNG.java:1175)
at org.testng.TestNG.runSuitesLocally(TestNG.java:1102)
at org.testng.TestNG.runSuites(TestNG.java:1032)
at org.testng.TestNG.run(TestNG.java:1000)
at org.testng.remote.AbstractRemoteTestNG.run(AbstractRemoteTestNG.java:115)
at org.testng.remote.RemoteTestNG.initAndRun(RemoteTestNG.java:251)
at org.testng.remote.RemoteTestNG.main(RemoteTestNG.java:77)
]]>
    </error>
  </testcase> <!-- beforeTest -->
  <testcase name="digit1_mobileNo" time="0.000" classname="Linq.Automation.Login">
    <skipped/>
  </testcase> <!-- digit1_mobileNo -->
  <testcase name="beforeTest" time="0.000" classname="Linq.Automation.Login">
    <error type="java.lang.NullPointerException">
      <![CDATA[java.lang.NullPointerException
at Linq.Automation.Login.beforeTest(Login.java:34)
at sun.reflect.NativeMethodAccessorImpl.invoke0(Native Method)
at sun.reflect.NativeMethodAccessorImpl.invoke(NativeMethodAccessorImpl.java:62)
at sun.reflect.DelegatingMethodAccessorImpl.invoke(DelegatingMethodAccessorImpl.java:43)
at java.lang.reflect.Method.invoke(Method.java:498)
at org.testng.internal.MethodInvocationHelper.invokeMethod(MethodInvocationHelper.java:133)
at org.testng.internal.MethodInvocationHelper.invokeMethodConsideringTimeout(MethodInvocationHelper.java:62)
at org.testng.internal.ConfigInvoker.invokeConfigurationMethod(ConfigInvoker.java:340)
at org.testng.internal.ConfigInvoker.invokeConfigurations(ConfigInvoker.java:294)
at org.testng.TestRunner.invokeTestConfigurations(TestRunner.java:623)
at org.testng.TestRunner.beforeRun(TestRunner.java:613)
at org.testng.TestRunner.run(TestRunner.java:584)
at org.testng.SuiteRunner.runTest(SuiteRunner.java:402)
at org.testng.SuiteRunner.runSequentially(SuiteRunner.java:396)
at org.testng.SuiteRunner.privateRun(SuiteRunner.java:355)
at org.testng.SuiteRunner.run(SuiteRunner.java:304)
at org.testng.SuiteRunnerWorker.runSuite(SuiteRunnerWorker.java:53)
at org.testng.SuiteRunnerWorker.run(SuiteRunnerWorker.java:96)
at org.testng.TestNG.runSuitesSequentially(TestNG.java:1180)
at org.testng.TestNG.runSuitesSequentially(TestNG.java:1175)
at org.testng.TestNG.runSuitesLocally(TestNG.java:1102)
at org.testng.TestNG.runSuites(TestNG.java:1032)
at org.testng.TestNG.run(TestNG.java:1000)
at org.testng.remote.AbstractRemoteTestNG.run(AbstractRemoteTestNG.java:115)
at org.testng.remote.RemoteTestNG.initAndRun(RemoteTestNG.java:251)
at org.testng.remote.RemoteTestNG.main(RemoteTestNG.java:77)
]]>
    </error>
  </testcase> <!-- beforeTest -->
  <testcase name="digit1_mobileNo" time="0.000" classname="Linq.Automation.Login">
    <skipped/>
  </testcase> <!-- digit1_mobileNo -->
  <testcase name="digit2_mobileNo" time="0.000" classname="Linq.Automation.Login">
    <skipped/>
  </testcase> <!-- digit2_mobileNo -->
  <testcase name="digit2_mobileNo" time="0.000" classname="Linq.Automation.Login">
    <skipped/>
  </testcase> <!-- digit2_mobileNo -->
  <testcase name="digit3_mobileNo" time="0.000" classname="Linq.Automation.Login">
    <skipped/>
  </testcase> <!-- digit3_mobileNo -->
  <testcase name="digit3_mobileNo" time="0.000" classname="Linq.Automation.Login">
    <skipped/>
  </testcase> <!-- digit3_mobileNo -->
  <testcase name="digit4_mobileNo" time="0.000" classname="Linq.Automation.Login">
    <skipped/>
  </testcase> <!-- digit4_mobileNo -->
  <testcase name="digit4_mobileNo" time="0.000" classname="Linq.Automation.Login">
    <skipped/>
  </testcase> <!-- digit4_mobileNo -->
  <testcase name="digit5_mobileNo" time="0.000" classname="Linq.Automation.Login">
    <skipped/>
  </testcase> <!-- digit5_mobileNo -->
  <testcase name="digit5_mobileNo" time="0.000" classname="Linq.Automation.Login">
    <skipped/>
  </testcase> <!-- digit5_mobileNo -->
  <testcase name="digit6_mobileNo" time="0.000" classname="Linq.Automation.Login">
    <skipped/>
  </testcase> <!-- digit6_mobileNo -->
  <testcase name="digit6_mobileNo" time="0.000" classname="Linq.Automation.Login">
    <skipped/>
  </testcase> <!-- digit6_mobileNo -->
  <testcase name="digit7_mobileNo" time="0.000" classname="Linq.Automation.Login">
    <skipped/>
  </testcase> <!-- digit7_mobileNo -->
  <testcase name="digit7_mobileNo" time="0.000" classname="Linq.Automation.Login">
    <skipped/>
  </testcase> <!-- digit7_mobileNo -->
  <testcase name="digit8_mobileNo" time="0.000" classname="Linq.Automation.Login">
    <skipped/>
  </testcase> <!-- digit8_mobileNo -->
  <testcase name="digit8_mobileNo" time="0.000" classname="Linq.Automation.Login">
    <skipped/>
  </testcase> <!-- digit8_mobileNo -->
  <testcase name="digit9_mobileNo" time="0.000" classname="Linq.Automation.Login">
    <skipped/>
  </testcase> <!-- digit9_mobileNo -->
  <testcase name="digit9_mobileNo" time="0.000" classname="Linq.Automation.Login">
    <skipped/>
  </testcase> <!-- digit9_mobileNo -->
  <testcase name="digit12_mobileNo" time="0.000" classname="Linq.Automation.Login">
    <skipped/>
  </testcase> <!-- digit12_mobileNo -->
  <testcase name="digit12_mobileNo" time="0.000" classname="Linq.Automation.Login">
    <skipped/>
  </testcase> <!-- digit12_mobileNo -->
  <testcase name="digit10_mobileNo" time="0.000" classname="Linq.Automation.Login">
    <skipped/>
  </testcase> <!-- digit10_mobileNo -->
  <testcase name="digit10_mobileNo" time="0.000" classname="Linq.Automation.Login">
    <skipped/>
  </testcase> <!-- digit10_mobileNo -->
  <testcase name="char_mobileNo" time="0.000" classname="Linq.Automation.Login">
    <skipped/>
  </testcase> <!-- char_mobileNo -->
  <testcase name="char_mobileNo" time="0.000" classname="Linq.Automation.Login">
    <skipped/>
  </testcase> <!-- char_mobileNo -->
  <testcase name="submit_otp" time="0.000" classname="Linq.Automation.Login">
    <skipped/>
  </testcase> <!-- submit_otp -->
  <testcase name="submit_otp" time="0.000" classname="Linq.Automation.Login">
    <skipped/>
  </testcase> <!-- submit_otp -->
  <testcase name="otp_panel_exist" time="0.000" classname="Linq.Automation.Login">
    <skipped/>
  </testcase> <!-- otp_panel_exist -->
  <testcase name="otp_panel_exist" time="0.000" classname="Linq.Automation.Login">
    <skipped/>
  </testcase> <!-- otp_panel_exist -->
  <testcase name="digit1_otp" time="0.000" classname="Linq.Automation.Login">
    <skipped/>
  </testcase> <!-- digit1_otp -->
  <testcase name="digit1_otp" time="0.000" classname="Linq.Automation.Login">
    <skipped/>
  </testcase> <!-- digit1_otp -->
  <testcase name="digit2_otp" time="0.000" classname="Linq.Automation.Login">
    <skipped/>
  </testcase> <!-- digit2_otp -->
  <testcase name="digit2_otp" time="0.000" classname="Linq.Automation.Login">
    <skipped/>
  </testcase> <!-- digit2_otp -->
  <testcase name="digit3_otp" time="0.000" classname="Linq.Automation.Login">
    <skipped/>
  </testcase> <!-- digit3_otp -->
  <testcase name="digit3_otp" time="0.000" classname="Linq.Automation.Login">
    <skipped/>
  </testcase> <!-- digit3_otp -->
  <testcase name="digit4_otp" time="0.000" classname="Linq.Automation.Login">
    <skipped/>
  </testcase> <!-- digit4_otp -->
  <testcase name="digit4_otp" time="0.000" classname="Linq.Automation.Login">
    <skipped/>
  </testcase> <!-- digit4_otp -->
  <testcase name="char_otp" time="0.000" classname="Linq.Automation.Login">
    <skipped/>
  </testcase> <!-- char_otp -->
  <testcase name="char_otp" time="0.000" classname="Linq.Automation.Login">
    <skipped/>
  </testcase> <!-- char_otp -->
</testsuite> <!-- Linq.Automation.Login -->
