<?xml version="1.0" encoding="UTF-8"?>
<!-- Generated by org.testng.reporters.JUnitReportReporter -->
<testsuite skipped="0" hostname="LAPTOP-NOCISQUH" name="Linq.Automation.CloseTest" tests="2" failures="0" timestamp="2020-01-15T15:08:26 IST" time="0.001" errors="0">
  <testcase name="f" time="0.001" classname="Linq.Automation.CloseTest"/>
  <testcase name="f" time="0.000" classname="Linq.Automation.CloseTest"/>
</testsuite> <!-- Linq.Automation.CloseTest -->
