<?xml version="1.0" encoding="UTF-8"?>
<!-- Generated by org.testng.reporters.JUnitReportReporter -->
<testsuite skipped="0" hostname="DESKTOP-7TC1R0K" name="get.data.GetListingData" tests="1" failures="0" timestamp="2020-01-23T18:14:21 IST" time="0.006" errors="0">
  <testcase name="f" time="0.006" classname="get.data.GetListingData"/>
</testsuite> <!-- get.data.GetListingData -->
