<?xml version="1.0" encoding="UTF-8"?>
<!-- Generated by org.testng.reporters.JUnitReportReporter -->
<testsuite skipped="0" hostname="LAPTOP-NOCISQUH" name="Linq.Automation.TestProxy" tests="1" failures="0" timestamp="2020-01-13T12:56:15 IST" time="125.864" errors="0">
  <testcase name="f" time="125.864" classname="Linq.Automation.TestProxy"/>
</testsuite> <!-- Linq.Automation.TestProxy -->
