<?xml version="1.0" encoding="UTF-8"?>
<!-- Generated by org.testng.reporters.JUnitReportReporter -->
<testsuite skipped="0" hostname="LAPTOP-NOCISQUH" name="Linq.Automation.StartUp" tests="1" failures="0" timestamp="2020-01-15T18:28:22 IST" time="6.601" errors="0">
  <testcase name="testSteup" time="6.601" classname="Linq.Automation.StartUp"/>
</testsuite> <!-- Linq.Automation.StartUp -->
