<?xml version="1.0" encoding="UTF-8"?>
<!-- Generated by org.testng.reporters.JUnitReportReporter -->
<testsuite skipped="0" hostname="LAPTOP-NOCISQUH" name="Linq.Automation.GetApiData" tests="1" failures="0" timestamp="2020-01-13T15:33:12 IST" time="7.231" errors="0">
  <testcase name="f" time="7.231" classname="Linq.Automation.GetApiData"/>
</testsuite> <!-- Linq.Automation.GetApiData -->
