<?xml version="1.0" encoding="UTF-8"?>
<!-- Generated by org.testng.reporters.JUnitReportReporter -->
<testsuite skipped="0" hostname="DESKTOP-7TC1R0K" name="Linq.Automation.MouseMove" tests="5" failures="0" timestamp="2020-01-23T18:14:21 IST" time="15.053" errors="0">
  <testcase name="f" time="3.022" classname="Linq.Automation.MouseMove"/>
  <testcase name="f" time="3.006" classname="Linq.Automation.MouseMove"/>
  <testcase name="f" time="3.003" classname="Linq.Automation.MouseMove"/>
  <testcase name="f" time="3.013" classname="Linq.Automation.MouseMove"/>
  <testcase name="f" time="3.009" classname="Linq.Automation.MouseMove"/>
</testsuite> <!-- Linq.Automation.MouseMove -->
