<?xml version="1.0" encoding="UTF-8"?>
<!-- Generated by org.testng.reporters.JUnitReportReporter -->
<testsuite skipped="0" hostname="LAPTOP-NOCISQUH" name="LoginTest.NewTest" tests="10" failures="0" timestamp="2020-01-08T13:19:37 IST" time="1.030" errors="0">
  <testcase name="digit1_mobileNo" time="0.122" classname="LoginTest.NewTest"/>
  <testcase name="digit2_mobileNo" time="0.100" classname="LoginTest.NewTest"/>
  <testcase name="digit3_mobileNo" time="0.099" classname="LoginTest.NewTest"/>
  <testcase name="digit4_mobileNo" time="0.083" classname="LoginTest.NewTest"/>
  <testcase name="digit5_mobileNo" time="0.084" classname="LoginTest.NewTest"/>
  <testcase name="digit6_mobileNo" time="0.090" classname="LoginTest.NewTest"/>
  <testcase name="digit8_mobileNo" time="0.082" classname="LoginTest.NewTest"/>
  <testcase name="digit9_mobileNo" time="0.090" classname="LoginTest.NewTest"/>
  <testcase name="digit12_mobileNo" time="0.121" classname="LoginTest.NewTest"/>
  <testcase name="digit10_mobileNo" time="0.159" classname="LoginTest.NewTest"/>
</testsuite> <!-- LoginTest.NewTest -->
