<?xml version="1.0" encoding="UTF-8"?>
<!-- Generated by org.testng.reporters.JUnitReportReporter -->
<testsuite skipped="0" hostname="LAPTOP-NOCISQUH" name="LoginTest.NewTest1" tests="7" failures="0" timestamp="2020-01-08T13:19:37 IST" time="0.490" errors="0">
  <testcase name="digit1_mobileNo" time="0.085" classname="LoginTest.NewTest1"/>
  <testcase name="digit2_mobileNo" time="0.073" classname="LoginTest.NewTest1"/>
  <testcase name="digit3_mobileNo" time="0.078" classname="LoginTest.NewTest1"/>
  <testcase name="digit4_mobileNo" time="0.080" classname="LoginTest.NewTest1"/>
  <testcase name="digit5_mobileNo" time="0.082" classname="LoginTest.NewTest1"/>
  <testcase name="digit6_mobileNo" time="0.091" classname="LoginTest.NewTest1"/>
  <testcase name="beforeClass" time="0.001" classname="LoginTest.NewTest1"/>
</testsuite> <!-- LoginTest.NewTest1 -->
