<?xml version="1.0" encoding="UTF-8"?>
<!-- Generated by org.testng.reporters.JUnitReportReporter -->
<testsuite skipped="0" hostname="LAPTOP-NOCISQUH" name="Linq.Automation.SetInspectMode" tests="1" failures="0" timestamp="2020-01-15T18:28:22 IST" time="1.585" errors="0">
  <testcase name="test1" time="1.585" classname="Linq.Automation.SetInspectMode"/>
</testsuite> <!-- Linq.Automation.SetInspectMode -->
